PowerTutor-master/app/build/outputs/logs/manifest-merger-debug-report.txt
-- Merging decision tree log ---
manifest
ADDED from AndroidManifest.xml:2:1
	xmlns:android
		ADDED from AndroidManifest.xml:2:11
	package
		ADDED from AndroidManifest.xml:3:7
		INJECTED from AndroidManifest.xml:0:0
		INJECTED from AndroidManifest.xml:0:0
	android:versionName
		ADDED from AndroidManifest.xml:4:32
	android:versionCode
		ADDED from AndroidManifest.xml:4:7
		INJECTED from AndroidManifest.xml:0:0
		INJECTED from AndroidManifest.xml:0:0
application
ADDED from AndroidManifest.xml:5:3
	android:label
		ADDED from AndroidManifest.xml:5:46
	android:icon
		ADDED from AndroidManifest.xml:5:16
activity#edu.umich.PowerTutor.ui.UMLogger
ADDED from AndroidManifest.xml:6:5
	android:screenOrientation
		ADDED from AndroidManifest.xml:8:15
	android:label
		ADDED from AndroidManifest.xml:7:15
	android:name
		ADDED from AndroidManifest.xml:6:15
intent-filter#android.intent.action.MAIN+android.intent.category.LAUNCHER
ADDED from AndroidManifest.xml:9:7
action#android.intent.action.MAIN
ADDED from AndroidManifest.xml:10:9
	android:name
		ADDED from AndroidManifest.xml:10:17
category#android.intent.category.LAUNCHER
ADDED from AndroidManifest.xml:11:9
	android:name
		ADDED from AndroidManifest.xml:11:19
activity#edu.umich.PowerTutor.ui.PowerViewer
ADDED from AndroidManifest.xml:14:7
	android:name
		ADDED from AndroidManifest.xml:14:17
intent-filter#android.intent.action.MAIN
ADDED from AndroidManifest.xml:15:7
activity#edu.umich.PowerTutor.ui.PowerTop
ADDED from AndroidManifest.xml:19:5
	android:label
		ADDED from AndroidManifest.xml:20:15
	android:name
		ADDED from AndroidManifest.xml:19:15
activity#edu.umich.PowerTutor.ui.PowerPie
ADDED from AndroidManifest.xml:25:5
	android:name
		ADDED from AndroidManifest.xml:25:15
activity#edu.umich.PowerTutor.ui.MiscView
ADDED from AndroidManifest.xml:30:5
	android:name
		ADDED from AndroidManifest.xml:30:15
activity#edu.umich.PowerTutor.ui.PowerTabs
ADDED from AndroidManifest.xml:35:5
	android:theme
		ADDED from AndroidManifest.xml:36:15
	android:name
		ADDED from AndroidManifest.xml:35:15
activity#edu.umich.PowerTutor.ui.EditPreferences
ADDED from AndroidManifest.xml:41:5
	android:label
		ADDED from AndroidManifest.xml:42:15
	android:name
		ADDED from AndroidManifest.xml:41:15
activity#edu.umich.PowerTutor.ui.ViewerPreferences
ADDED from AndroidManifest.xml:47:5
	android:label
		ADDED from AndroidManifest.xml:48:15
	android:name
		ADDED from AndroidManifest.xml:47:15
receiver#edu.umich.PowerTutor.ui.StartupReceiver
ADDED from AndroidManifest.xml:53:5
	android:name
		ADDED from AndroidManifest.xml:53:15
intent-filter#android.intent.action.BOOT_COMPLETED+android.intent.category.HOME
ADDED from AndroidManifest.xml:54:7
action#android.intent.action.BOOT_COMPLETED
ADDED from AndroidManifest.xml:55:9
	android:name
		ADDED from AndroidManifest.xml:55:17
category#android.intent.category.HOME
ADDED from AndroidManifest.xml:56:9
	android:name
		ADDED from AndroidManifest.xml:56:19
service#edu.umich.PowerTutor.service.UMLoggerService
ADDED from AndroidManifest.xml:59:5
	android:name
		ADDED from AndroidManifest.xml:59:14
uses-sdk
ADDED from AndroidManifest.xml:62:3
	android:targetSdkVersion
		INJECTED from AndroidManifest.xml:0:0
		INJECTED from AndroidManifest.xml:0:0
	android:minSdkVersion
		ADDED from AndroidManifest.xml:62:13
		INJECTED from AndroidManifest.xml:0:0
		INJECTED from AndroidManifest.xml:0:0
uses-permission#android.permission.INTERNET
ADDED from AndroidManifest.xml:63:3
	android:name
		ADDED from AndroidManifest.xml:63:20
uses-permission#android.permission.ACCESS_FINE_LOCATION
ADDED from AndroidManifest.xml:64:3
	android:name
		ADDED from AndroidManifest.xml:64:20
uses-permission#android.permission.ACCESS_WIFI_STATE
ADDED from AndroidManifest.xml:65:3
	android:name
		ADDED from AndroidManifest.xml:65:20
uses-permission#android.permission.READ_PHONE_STATE
ADDED from AndroidManifest.xml:66:3
	android:name
		ADDED from AndroidManifest.xml:66:20
uses-permission#android.permission.ACCESS_NETWORK_STATE
ADDED from AndroidManifest.xml:67:3
	android:name
		ADDED from AndroidManifest.xml:67:20
uses-permission#android.permission.RECEIVE_BOOT_COMPLETED
ADDED from AndroidManifest.xml:68:3
	android:name
		ADDED from AndroidManifest.xml:68:20
uses-permission#android.permission.WRITE_EXTERNAL_STORAGE
ADDED from AndroidManifest.xml:69:3
	android:name
		ADDED from AndroidManifest.xml:69:20